
optiboot_atmega644.elf:     file format elf32-avr

Sections:
Idx Name          Size      VMA       LMA       File off  Algn
  0 .data         00000000  00800100  0000fde2  00000256  2**0
                  CONTENTS, ALLOC, LOAD, DATA
  1 .text         000001e2  0000fc00  0000fc00  00000074  2**1
                  CONTENTS, ALLOC, LOAD, READONLY, CODE
  2 .version      00000002  0000fffe  0000fffe  00000256  2**0
                  CONTENTS, READONLY
  3 .debug_aranges 00000028  00000000  00000000  00000258  2**0
                  CONTENTS, READONLY, DEBUGGING
  4 .debug_info   00000290  00000000  00000000  00000280  2**0
                  CONTENTS, READONLY, DEBUGGING
  5 .debug_abbrev 00000176  00000000  00000000  00000510  2**0
                  CONTENTS, READONLY, DEBUGGING
  6 .debug_line   00000192  00000000  00000000  00000686  2**0
                  CONTENTS, READONLY, DEBUGGING
  7 .debug_frame  00000094  00000000  00000000  00000818  2**2
                  CONTENTS, READONLY, DEBUGGING
  8 .debug_str    00000121  00000000  00000000  000008ac  2**0
                  CONTENTS, READONLY, DEBUGGING
  9 .debug_loc    0000026e  00000000  00000000  000009cd  2**0
                  CONTENTS, READONLY, DEBUGGING
 10 .debug_ranges 00000048  00000000  00000000  00000c3b  2**0
                  CONTENTS, READONLY, DEBUGGING

Disassembly of section .text:

0000fc00 <main>:
# define UART_SRL UBRR3L
# define UART_UDR UDR3
#endif

/* main program starts here */
int main(void) {
    fc00:	0f 92       	push	r0
    fc02:	cd b7       	in	r28, 0x3d	; 61
    fc04:	de b7       	in	r29, 0x3e	; 62
  //  SP points to RAMEND
  //  r1 contains zero
  //
  // If not, uncomment the following instructions:
  // cli();
  asm volatile ("clr __zero_reg__");
    fc06:	11 24       	eor	r1, r1
#if defined(__AVR_ATmega8__) || defined (__AVR_ATmega32__)
  SP=RAMEND;  // This is done by hardware reset
#endif

  // Adaboot no-wait mod
  ch = MCUSR;
    fc08:	84 b7       	in	r24, 0x34	; 52
  MCUSR = 0;
    fc0a:	14 be       	out	0x34, r1	; 52
  if (!(ch & _BV(EXTRF))) appStart(ch);
    fc0c:	81 ff       	sbrs	r24, 1
    fc0e:	e3 d0       	rcall	.+454    	; 0xfdd6 <appStart>

#if LED_START_FLASHES > 0
  // Set up Timer 1 for timeout counter
  TCCR1B = _BV(CS12) | _BV(CS10); // div 1024
    fc10:	85 e0       	ldi	r24, 0x05	; 5
    fc12:	80 93 81 00 	sts	0x0081, r24
  UCSRA = _BV(U2X); //Double speed mode USART
  UCSRB = _BV(RXEN) | _BV(TXEN);  // enable Rx & Tx
  UCSRC = _BV(URSEL) | _BV(UCSZ1) | _BV(UCSZ0);  // config USART; 8N1
  UBRRL = (uint8_t)( (F_CPU + BAUD_RATE * 4L) / (BAUD_RATE * 8L) - 1 );
#else
  UART_SRA = _BV(U2X0); //Double speed mode USART0
    fc16:	82 e0       	ldi	r24, 0x02	; 2
    fc18:	80 93 c0 00 	sts	0x00C0, r24
  UART_SRB = _BV(RXEN0) | _BV(TXEN0);
    fc1c:	88 e1       	ldi	r24, 0x18	; 24
    fc1e:	80 93 c1 00 	sts	0x00C1, r24
  UART_SRC = _BV(UCSZ00) | _BV(UCSZ01);
    fc22:	86 e0       	ldi	r24, 0x06	; 6
    fc24:	80 93 c2 00 	sts	0x00C2, r24
  UART_SRL = (uint8_t)( (F_CPU + BAUD_RATE * 4L) / (BAUD_RATE * 8L) - 1 );
    fc28:	80 e1       	ldi	r24, 0x10	; 16
    fc2a:	80 93 c4 00 	sts	0x00C4, r24
#endif
#endif

  // Set up watchdog to trigger after 500ms
  watchdogConfig(WATCHDOG_1S);
    fc2e:	8e e0       	ldi	r24, 0x0E	; 14
    fc30:	bc d0       	rcall	.+376    	; 0xfdaa <watchdogConfig>

#if (LED_START_FLASHES > 0) || defined(LED_DATA_FLASH)
  /* Set LED pin as output */
  LED_DDR |= _BV(LED);
    fc32:	24 9a       	sbi	0x04, 4	; 4
    fc34:	26 e0       	ldi	r18, 0x06	; 6
}

#if LED_START_FLASHES > 0
void flash_led(uint8_t count) {
  do {
    TCNT1 = -(F_CPU/(1024*16));
    fc36:	88 e1       	ldi	r24, 0x18	; 24
    fc38:	9e ef       	ldi	r25, 0xFE	; 254
    TIFR1 = _BV(TOV1);
    fc3a:	31 e0       	ldi	r19, 0x01	; 1
}

#if LED_START_FLASHES > 0
void flash_led(uint8_t count) {
  do {
    TCNT1 = -(F_CPU/(1024*16));
    fc3c:	90 93 85 00 	sts	0x0085, r25
    fc40:	80 93 84 00 	sts	0x0084, r24
    TIFR1 = _BV(TOV1);
    fc44:	36 bb       	out	0x16, r19	; 22
    while(!(TIFR1 & _BV(TOV1)));
    fc46:	b0 9b       	sbis	0x16, 0	; 22
    fc48:	fe cf       	rjmp	.-4      	; 0xfc46 <main+0x46>
#if defined(__AVR_ATmega8__)  || defined (__AVR_ATmega32__)
    LED_PORT ^= _BV(LED);
#else
    LED_PIN |= _BV(LED);
    fc4a:	1c 9a       	sbi	0x03, 4	; 3
}
#endif

// Watchdog functions. These are only safe with interrupts turned off.
void watchdogReset() {
  __asm__ __volatile__ (
    fc4c:	a8 95       	wdr
    fc4e:	21 50       	subi	r18, 0x01	; 1
    LED_PORT ^= _BV(LED);
#else
    LED_PIN |= _BV(LED);
#endif
    watchdogReset();
  } while (--count);
    fc50:	a9 f7       	brne	.-22     	; 0xfc3c <main+0x3c>
    fc52:	00 e0       	ldi	r16, 0x00	; 0
    fc54:	10 e0       	ldi	r17, 0x00	; 0
      ch = SPM_PAGESIZE / 2;
      do {
        uint16_t a;
        a = *bufPtr++;
        a |= (*bufPtr++) << 8;
        __boot_page_fill_short((uint16_t)(void*)addrPtr,a);
    fc56:	ee 24       	eor	r14, r14
    fc58:	e3 94       	inc	r14
        addrPtr += 2;
      } while (--ch);

      // Write from programming buffer
      __boot_page_write_short((uint16_t)(void*)address);
    fc5a:	e5 e0       	ldi	r30, 0x05	; 5
    fc5c:	de 2e       	mov	r13, r30
      boot_spm_busy_wait();

#if defined(RWWSRE)
      // Reenable read access to flash
      boot_rww_enable();
    fc5e:	f1 e1       	ldi	r31, 0x11	; 17
    fc60:	cf 2e       	mov	r12, r31

      // If we are in NRWW section, page erase has to be delayed until now.
      // Todo: Take RAMPZ into account (not doing so just means that we will
      //  treat the top of both "pages" of flash as NRWW, for a slight speed
      //  decrease, so fixing this is not urgent.)
      if (address >= NRWWSTART) __boot_page_erase_short((uint16_t)(void*)address);
    fc62:	a3 e0       	ldi	r26, 0x03	; 3
    fc64:	fa 2e       	mov	r15, r26
#endif

  /* Forever loop */
  for (;;) {
    /* get character from UART */
    ch = getch();
    fc66:	95 d0       	rcall	.+298    	; 0xfd92 <getch>

    if(ch == STK_GET_PARAMETER) {
    fc68:	81 34       	cpi	r24, 0x41	; 65
    fc6a:	69 f4       	brne	.+26     	; 0xfc86 <main+0x86>
      unsigned char which = getch();
    fc6c:	92 d0       	rcall	.+292    	; 0xfd92 <getch>
      verifySpace();
    fc6e:	89 83       	std	Y+1, r24	; 0x01
    fc70:	a2 d0       	rcall	.+324    	; 0xfdb6 <verifySpace>
      if (which == 0x82) {
    fc72:	89 81       	ldd	r24, Y+1	; 0x01
    fc74:	82 38       	cpi	r24, 0x82	; 130
    fc76:	19 f1       	breq	.+70     	; 0xfcbe <main+0xbe>
	/*
	 * Send optiboot version as "minor SW version"
	 */
	putch(OPTIBOOT_MINVER);
      } else if (which == 0x81) {
    fc78:	81 38       	cpi	r24, 0x81	; 129
    fc7a:	11 f4       	brne	.+4      	; 0xfc80 <main+0x80>
	  putch(OPTIBOOT_MAJVER);
    fc7c:	85 e0       	ldi	r24, 0x05	; 5
    fc7e:	01 c0       	rjmp	.+2      	; 0xfc82 <main+0x82>
      } else {
	/*
	 * GET PARAMETER returns a generic 0x03 reply for
         * other parameters - enough to keep Avrdude happy
	 */
	putch(0x03);
    fc80:	83 e0       	ldi	r24, 0x03	; 3
    fc82:	80 d0       	rcall	.+256    	; 0xfd84 <putch>
    fc84:	7c c0       	rjmp	.+248    	; 0xfd7e <main+0x17e>
      }
    }
    else if(ch == STK_SET_DEVICE) {
    fc86:	82 34       	cpi	r24, 0x42	; 66
    fc88:	11 f4       	brne	.+4      	; 0xfc8e <main+0x8e>
      // SET DEVICE is ignored
      getNch(20);
    fc8a:	84 e1       	ldi	r24, 0x14	; 20
    fc8c:	03 c0       	rjmp	.+6      	; 0xfc94 <main+0x94>
    }
    else if(ch == STK_SET_DEVICE_EXT) {
    fc8e:	85 34       	cpi	r24, 0x45	; 69
    fc90:	19 f4       	brne	.+6      	; 0xfc98 <main+0x98>
      // SET DEVICE EXT is ignored
      getNch(5);
    fc92:	85 e0       	ldi	r24, 0x05	; 5
    fc94:	98 d0       	rcall	.+304    	; 0xfdc6 <verifySpace+0x10>
    fc96:	73 c0       	rjmp	.+230    	; 0xfd7e <main+0x17e>
    }
    else if(ch == STK_LOAD_ADDRESS) {
    fc98:	85 35       	cpi	r24, 0x55	; 85
    fc9a:	69 f4       	brne	.+26     	; 0xfcb6 <main+0xb6>
      // LOAD ADDRESS
      uint16_t newAddress;
      newAddress = getch();
    fc9c:	7a d0       	rcall	.+244    	; 0xfd92 <getch>
    fc9e:	88 2e       	mov	r8, r24
    fca0:	99 24       	eor	r9, r9
      newAddress = (newAddress & 0xff) | (getch() << 8);
    fca2:	77 d0       	rcall	.+238    	; 0xfd92 <getch>
    fca4:	08 2f       	mov	r16, r24
    fca6:	10 e0       	ldi	r17, 0x00	; 0
    fca8:	10 2f       	mov	r17, r16
    fcaa:	00 27       	eor	r16, r16
    fcac:	08 29       	or	r16, r8
    fcae:	19 29       	or	r17, r9
#ifdef RAMPZ
      // Transfer top bit to RAMPZ
      RAMPZ = (newAddress & 0x8000) ? 1 : 0;
#endif
      newAddress += newAddress; // Convert from word address to byte address
    fcb0:	00 0f       	add	r16, r16
    fcb2:	11 1f       	adc	r17, r17
    fcb4:	63 c0       	rjmp	.+198    	; 0xfd7c <main+0x17c>
      address = newAddress;
      verifySpace();
    }
    else if(ch == STK_UNIVERSAL) {
    fcb6:	86 35       	cpi	r24, 0x56	; 86
    fcb8:	21 f4       	brne	.+8      	; 0xfcc2 <main+0xc2>
      // UNIVERSAL command is ignored
      getNch(4);
    fcba:	84 e0       	ldi	r24, 0x04	; 4
    fcbc:	84 d0       	rcall	.+264    	; 0xfdc6 <verifySpace+0x10>
      putch(0x00);
    fcbe:	80 e0       	ldi	r24, 0x00	; 0
    fcc0:	e0 cf       	rjmp	.-64     	; 0xfc82 <main+0x82>
    }
    /* Write memory, length is big endian and is in bytes */
    else if(ch == STK_PROG_PAGE) {
    fcc2:	84 36       	cpi	r24, 0x64	; 100
    fcc4:	09 f0       	breq	.+2      	; 0xfcc8 <main+0xc8>
    fcc6:	3f c0       	rjmp	.+126    	; 0xfd46 <main+0x146>
      // PROGRAM PAGE - we support flash programming only, not EEPROM
      uint8_t *bufPtr;
      uint16_t addrPtr;

      getch();			/* getlen() */
    fcc8:	64 d0       	rcall	.+200    	; 0xfd92 <getch>
      length = getch();
    fcca:	63 d0       	rcall	.+198    	; 0xfd92 <getch>
    fccc:	b8 2e       	mov	r11, r24
      getch();
    fcce:	61 d0       	rcall	.+194    	; 0xfd92 <getch>

      // If we are in RWW section, immediately start page erase
      if (address < NRWWSTART) __boot_page_erase_short((uint16_t)(void*)address);
    fcd0:	80 ee       	ldi	r24, 0xE0	; 224
    fcd2:	00 30       	cpi	r16, 0x00	; 0
    fcd4:	18 07       	cpc	r17, r24
    fcd6:	18 f4       	brcc	.+6      	; 0xfcde <main+0xde>
    fcd8:	f8 01       	movw	r30, r16
    fcda:	f7 be       	out	0x37, r15	; 55
    fcdc:	e8 95       	spm
    fcde:	81 2c       	mov	r8, r1
    fce0:	51 e0       	ldi	r21, 0x01	; 1
    fce2:	95 2e       	mov	r9, r21

      // While that is going on, read in page contents
      bufPtr = buff;
      do *bufPtr++ = getch();
    fce4:	56 d0       	rcall	.+172    	; 0xfd92 <getch>
    fce6:	f4 01       	movw	r30, r8
    fce8:	81 93       	st	Z+, r24
    fcea:	4f 01       	movw	r8, r30
      while (--length);
    fcec:	be 16       	cp	r11, r30
    fcee:	d1 f7       	brne	.-12     	; 0xfce4 <main+0xe4>

      // If we are in NRWW section, page erase has to be delayed until now.
      // Todo: Take RAMPZ into account (not doing so just means that we will
      //  treat the top of both "pages" of flash as NRWW, for a slight speed
      //  decrease, so fixing this is not urgent.)
      if (address >= NRWWSTART) __boot_page_erase_short((uint16_t)(void*)address);
    fcf0:	f0 ee       	ldi	r31, 0xE0	; 224
    fcf2:	00 30       	cpi	r16, 0x00	; 0
    fcf4:	1f 07       	cpc	r17, r31
    fcf6:	18 f0       	brcs	.+6      	; 0xfcfe <main+0xfe>
    fcf8:	f8 01       	movw	r30, r16
    fcfa:	f7 be       	out	0x37, r15	; 55
    fcfc:	e8 95       	spm

      // Read command terminator, start reply
      verifySpace();
    fcfe:	5b d0       	rcall	.+182    	; 0xfdb6 <verifySpace>

      // If only a partial page is to be programmed, the erase might not be complete.
      // So check that here
      boot_spm_busy_wait();
    fd00:	07 b6       	in	r0, 0x37	; 55
    fd02:	00 fc       	sbrc	r0, 0
    fd04:	fd cf       	rjmp	.-6      	; 0xfd00 <main+0x100>
    fd06:	f8 01       	movw	r30, r16
    fd08:	a0 e0       	ldi	r26, 0x00	; 0
    fd0a:	b1 e0       	ldi	r27, 0x01	; 1
      bufPtr = buff;
      addrPtr = (uint16_t)(void*)address;
      ch = SPM_PAGESIZE / 2;
      do {
        uint16_t a;
        a = *bufPtr++;
    fd0c:	2c 91       	ld	r18, X
    fd0e:	30 e0       	ldi	r19, 0x00	; 0
        a |= (*bufPtr++) << 8;
    fd10:	11 96       	adiw	r26, 0x01	; 1
    fd12:	8c 91       	ld	r24, X
    fd14:	11 97       	sbiw	r26, 0x01	; 1
    fd16:	90 e0       	ldi	r25, 0x00	; 0
    fd18:	98 2f       	mov	r25, r24
    fd1a:	88 27       	eor	r24, r24
    fd1c:	82 2b       	or	r24, r18
    fd1e:	93 2b       	or	r25, r19
# define UART_SRL UBRR3L
# define UART_UDR UDR3
#endif

/* main program starts here */
int main(void) {
    fd20:	12 96       	adiw	r26, 0x02	; 2
      ch = SPM_PAGESIZE / 2;
      do {
        uint16_t a;
        a = *bufPtr++;
        a |= (*bufPtr++) << 8;
        __boot_page_fill_short((uint16_t)(void*)addrPtr,a);
    fd22:	0c 01       	movw	r0, r24
    fd24:	e7 be       	out	0x37, r14	; 55
    fd26:	e8 95       	spm
    fd28:	11 24       	eor	r1, r1
        addrPtr += 2;
    fd2a:	32 96       	adiw	r30, 0x02	; 2
      } while (--ch);
    fd2c:	82 e0       	ldi	r24, 0x02	; 2
    fd2e:	a0 30       	cpi	r26, 0x00	; 0
    fd30:	b8 07       	cpc	r27, r24
    fd32:	61 f7       	brne	.-40     	; 0xfd0c <main+0x10c>

      // Write from programming buffer
      __boot_page_write_short((uint16_t)(void*)address);
    fd34:	f8 01       	movw	r30, r16
    fd36:	d7 be       	out	0x37, r13	; 55
    fd38:	e8 95       	spm
      boot_spm_busy_wait();
    fd3a:	07 b6       	in	r0, 0x37	; 55
    fd3c:	00 fc       	sbrc	r0, 0
    fd3e:	fd cf       	rjmp	.-6      	; 0xfd3a <main+0x13a>

#if defined(RWWSRE)
      // Reenable read access to flash
      boot_rww_enable();
    fd40:	c7 be       	out	0x37, r12	; 55
    fd42:	e8 95       	spm
    fd44:	1c c0       	rjmp	.+56     	; 0xfd7e <main+0x17e>
#endif

    }
    /* Read memory block mode, length is big endian.  */
    else if(ch == STK_READ_PAGE) {
    fd46:	84 37       	cpi	r24, 0x74	; 116
    fd48:	61 f4       	brne	.+24     	; 0xfd62 <main+0x162>
      // READ PAGE - we only read flash
      getch();			/* getlen() */
    fd4a:	23 d0       	rcall	.+70     	; 0xfd92 <getch>
      length = getch();
    fd4c:	22 d0       	rcall	.+68     	; 0xfd92 <getch>
    fd4e:	b8 2e       	mov	r11, r24
      getch();
    fd50:	20 d0       	rcall	.+64     	; 0xfd92 <getch>

      verifySpace();
    fd52:	31 d0       	rcall	.+98     	; 0xfdb6 <verifySpace>
        __asm__ ("elpm %0,Z+\n" : "=r" (ch), "=z" (address): "1" (address));
#else
        // read a Flash byte and increment the address
        __asm__ ("lpm %0,Z+\n" : "=r" (ch), "=z" (address): "1" (address));
#endif
        putch(ch);
    fd54:	f8 01       	movw	r30, r16
    fd56:	85 91       	lpm	r24, Z+
    fd58:	8f 01       	movw	r16, r30
    fd5a:	14 d0       	rcall	.+40     	; 0xfd84 <putch>
      } while (--length);
    fd5c:	ba 94       	dec	r11
    fd5e:	d1 f7       	brne	.-12     	; 0xfd54 <main+0x154>
    fd60:	0e c0       	rjmp	.+28     	; 0xfd7e <main+0x17e>
    }

    /* Get device signature bytes  */
    else if(ch == STK_READ_SIGN) {
    fd62:	85 37       	cpi	r24, 0x75	; 117
    fd64:	39 f4       	brne	.+14     	; 0xfd74 <main+0x174>
      // READ SIGN - return what Avrdude wants to hear
      verifySpace();
    fd66:	27 d0       	rcall	.+78     	; 0xfdb6 <verifySpace>
      putch(SIGNATURE_0);
    fd68:	8e e1       	ldi	r24, 0x1E	; 30
    fd6a:	0c d0       	rcall	.+24     	; 0xfd84 <putch>
      putch(SIGNATURE_1);
    fd6c:	86 e9       	ldi	r24, 0x96	; 150
    fd6e:	0a d0       	rcall	.+20     	; 0xfd84 <putch>
      putch(SIGNATURE_2);
    fd70:	89 e0       	ldi	r24, 0x09	; 9
    fd72:	87 cf       	rjmp	.-242    	; 0xfc82 <main+0x82>
    }
    else if (ch == STK_LEAVE_PROGMODE) { /* 'Q' */
    fd74:	81 35       	cpi	r24, 0x51	; 81
    fd76:	11 f4       	brne	.+4      	; 0xfd7c <main+0x17c>
      // Adaboot no-wait mod
      watchdogConfig(WATCHDOG_16MS);
    fd78:	88 e0       	ldi	r24, 0x08	; 8
    fd7a:	17 d0       	rcall	.+46     	; 0xfdaa <watchdogConfig>
      verifySpace();
    }
    else {
      // This covers the response to commands like STK_ENTER_PROGMODE
      verifySpace();
    fd7c:	1c d0       	rcall	.+56     	; 0xfdb6 <verifySpace>
    }
    putch(STK_OK);
    fd7e:	80 e1       	ldi	r24, 0x10	; 16
    fd80:	01 d0       	rcall	.+2      	; 0xfd84 <putch>
  }
    fd82:	71 cf       	rjmp	.-286    	; 0xfc66 <main+0x66>

0000fd84 <putch>:
}

void putch(char ch) {
#ifndef SOFT_UART
  while (!(UART_SRA & _BV(UDRE0)));
    fd84:	90 91 c0 00 	lds	r25, 0x00C0
    fd88:	95 ff       	sbrs	r25, 5
    fd8a:	fc cf       	rjmp	.-8      	; 0xfd84 <putch>
  UART_UDR = ch;
    fd8c:	80 93 c6 00 	sts	0x00C6, r24
      [uartBit] "I" (UART_TX_BIT)
    :
      "r25"
  );
#endif
}
    fd90:	08 95       	ret

0000fd92 <getch>:
      [uartBit] "I" (UART_RX_BIT)
    :
      "r25"
);
#else
  while(!(UART_SRA & _BV(RXC0)))
    fd92:	80 91 c0 00 	lds	r24, 0x00C0
    fd96:	87 ff       	sbrs	r24, 7
    fd98:	fc cf       	rjmp	.-8      	; 0xfd92 <getch>
    ;
  if (!(UART_SRA & _BV(FE0))) {
    fd9a:	80 91 c0 00 	lds	r24, 0x00C0
    fd9e:	84 fd       	sbrc	r24, 4
    fda0:	01 c0       	rjmp	.+2      	; 0xfda4 <getch+0x12>
}
#endif

// Watchdog functions. These are only safe with interrupts turned off.
void watchdogReset() {
  __asm__ __volatile__ (
    fda2:	a8 95       	wdr
       * don't care that an invalid char is returned...)
       */
    watchdogReset();
  }
  
  ch = UART_UDR;
    fda4:	80 91 c6 00 	lds	r24, 0x00C6
  LED_PIN |= _BV(LED);
#endif
#endif

  return ch;
}
    fda8:	08 95       	ret

0000fdaa <watchdogConfig>:
    "wdr\n"
  );
}

void watchdogConfig(uint8_t x) {
  WDTCSR = _BV(WDCE) | _BV(WDE);
    fdaa:	e0 e6       	ldi	r30, 0x60	; 96
    fdac:	f0 e0       	ldi	r31, 0x00	; 0
    fdae:	98 e1       	ldi	r25, 0x18	; 24
    fdb0:	90 83       	st	Z, r25
  WDTCSR = x;
    fdb2:	80 83       	st	Z, r24
}
    fdb4:	08 95       	ret

0000fdb6 <verifySpace>:
  do getch(); while (--count);
  verifySpace();
}

void verifySpace() {
  if (getch() != CRC_EOP) {
    fdb6:	ed df       	rcall	.-38     	; 0xfd92 <getch>
    fdb8:	80 32       	cpi	r24, 0x20	; 32
    fdba:	19 f0       	breq	.+6      	; 0xfdc2 <verifySpace+0xc>
    watchdogConfig(WATCHDOG_16MS);    // shorten WD timeout
    fdbc:	88 e0       	ldi	r24, 0x08	; 8
    fdbe:	f5 df       	rcall	.-22     	; 0xfdaa <watchdogConfig>
    fdc0:	ff cf       	rjmp	.-2      	; 0xfdc0 <verifySpace+0xa>
    while (1)			      // and busy-loop so that WD causes
      ;				      //  a reset and app start.
  }
  putch(STK_INSYNC);
    fdc2:	84 e1       	ldi	r24, 0x14	; 20
    fdc4:	df cf       	rjmp	.-66     	; 0xfd84 <putch>
}
    fdc6:	cf 93       	push	r28

0000fdc8 <getNch>:
    ::[count] "M" (UART_B_VALUE)
  );
}
#endif

void getNch(uint8_t count) {
    fdc8:	c8 2f       	mov	r28, r24
    fdca:	e3 df       	rcall	.-58     	; 0xfd92 <getch>
  do getch(); while (--count);
    fdcc:	c1 50       	subi	r28, 0x01	; 1
    fdce:	e9 f7       	brne	.-6      	; 0xfdca <getNch+0x2>
    fdd0:	f2 df       	rcall	.-28     	; 0xfdb6 <verifySpace>
  verifySpace();
    fdd2:	cf 91       	pop	r28
}
    fdd4:	08 95       	ret

0000fdd6 <appStart>:
    fdd6:	28 2e       	mov	r2, r24

void appStart(uint8_t rstFlags) {
  // save the reset flags in the designated register
  //  This can be saved in a main program by putting code in .init0 (which
  //  executes before normal c init code) to save R2 to a global variable.
  __asm__ __volatile__ ("mov r2, %0\n" :: "r" (rstFlags));
    fdd8:	80 e0       	ldi	r24, 0x00	; 0

  watchdogConfig(WATCHDOG_OFF);
    fdda:	e7 df       	rcall	.-50     	; 0xfdaa <watchdogConfig>
    fddc:	ee 27       	eor	r30, r30
  __asm__ __volatile__ (
    fdde:	ff 27       	eor	r31, r31
    fde0:	09 94       	ijmp
